2025-08-05 09:03:55,959 [Worker-6: Loading available Gradle versions] INFO  o.e.b.c.i.u.g.PublishedGradleVersions - Gradle version information cache is not available. Remote download required.
2025-08-05 09:04:22,382 [Worker-4: Updating Maven Dependencies] INFO  o.e.m.c.i.l.LifecycleMappingFactory - Using org.eclipse.m2e.jdt.JarLifecycleMapping lifecycle mapping for MavenProject: com.example:spring_boot_backend_template:0.0.1 @ C:\Users\admin\Desktop\Backend\spring_boot_backend_template\pom.xml.
2025-08-05 09:04:24,287 [Worker-5: Building] INFO  o.e.m.c.i.l.LifecycleMappingFactory - Using org.eclipse.m2e.jdt.JarLifecycleMapping lifecycle mapping for MavenProject: com.example:spring_boot_backend_template:0.0.1 @ C:\Users\admin\Desktop\Backend\spring_boot_backend_template\pom.xml.
2025-08-05 09:04:26,642 [Worker-5: Building] INFO  o.a.m.s.f.DefaultMavenResourcesFiltering - Copying 1 resource from src\main\resources to target\classes
2025-08-05 09:04:26,690 [Worker-5: Building] INFO  o.a.m.s.f.DefaultMavenResourcesFiltering - Copying 0 resource from src\main\resources to target\classes
2025-08-05 09:04:26,701 [Worker-5: Building] INFO  o.a.m.s.f.DefaultMavenResourcesFiltering - skip non existing resourceDirectory C:\Users\admin\Desktop\Backend\spring_boot_backend_template\src\test\resources
2025-08-05 09:04:30,438 [Worker-5: Updating Maven Dependencies] INFO  o.e.m.c.i.l.LifecycleMappingFactory - Using org.eclipse.m2e.jdt.JarLifecycleMapping lifecycle mapping for MavenProject: com.example:spring_boot_backend_template:0.0.1 @ C:\Users\admin\Desktop\Backend\spring_boot_backend_template\pom.xml.
2025-08-05 09:04:30,622 [Worker-9: Building] INFO  o.a.m.s.f.DefaultMavenResourcesFiltering - Copying 1 resource from src\main\resources to target\classes
2025-08-05 09:04:30,674 [Worker-9: Building] INFO  o.a.m.s.f.DefaultMavenResourcesFiltering - Copying 0 resource from src\main\resources to target\classes
2025-08-05 09:04:30,690 [Worker-9: Building] INFO  o.a.m.s.f.DefaultMavenResourcesFiltering - skip non existing resourceDirectory C:\Users\admin\Desktop\Backend\spring_boot_backend_template\src\test\resources
2025-08-05 09:04:32,000 [Worker-8: Updating Maven Project] INFO  o.e.m.c.i.p.ProjectConfigurationManager - Update started
2025-08-05 09:04:32,782 [Worker-8: Updating Maven Project] INFO  o.e.m.c.i.l.LifecycleMappingFactory - Using org.eclipse.m2e.jdt.JarLifecycleMapping lifecycle mapping for MavenProject: com.example:spring_boot_backend_template:0.0.1 @ C:\Users\admin\Desktop\Backend\spring_boot_backend_template\pom.xml.
2025-08-05 09:04:34,518 [Worker-8: Updating Maven Project] INFO  o.e.m.j.i.AbstractJavaProjectConfigurator - Adding source folder /spring_boot_backend_template/src/main/java
2025-08-05 09:04:34,523 [Worker-8: Updating Maven Project] INFO  o.e.m.j.i.AbstractJavaProjectConfigurator - Adding resource folder /spring_boot_backend_template/src/main/resources
2025-08-05 09:04:34,525 [Worker-8: Updating Maven Project] INFO  o.e.m.j.i.AbstractJavaProjectConfigurator - Adding resource folder /spring_boot_backend_template/src/main/resources
2025-08-05 09:04:34,526 [Worker-8: Updating Maven Project] INFO  o.e.m.j.i.AbstractJavaProjectConfigurator - Adding source folder /spring_boot_backend_template/src/test/java
2025-08-05 09:04:34,528 [Worker-8: Updating Maven Project] INFO  o.e.m.j.i.AbstractJavaProjectConfigurator - Adding resource folder /spring_boot_backend_template/src/test/resources
2025-08-05 09:04:35,176 [Worker-8: Updating Maven Project] INFO  o.e.m.c.i.p.ProjectConfigurationManager - Update completed for 1 poms: local refresh takes 0.00 sec, refresh facades takes 2.00 sec, update config takes 0.00 sec 
2025-08-05 09:04:35,749 [Worker-10: Building] INFO  o.a.m.s.f.DefaultMavenResourcesFiltering - Copying 1 resource from src\main\resources to target\classes
2025-08-05 09:04:35,800 [Worker-10: Building] INFO  o.a.m.s.f.DefaultMavenResourcesFiltering - Copying 0 resource from src\main\resources to target\classes
2025-08-05 09:04:35,812 [Worker-10: Building] INFO  o.a.m.s.f.DefaultMavenResourcesFiltering - skip non existing resourceDirectory C:\Users\admin\Desktop\Backend\spring_boot_backend_template\src\test\resources
2025-08-05 09:04:43,111 [main] INFO  o.e.m2e.actions.ExecutePomAction - Creating new launch configuration
2025-08-05 09:04:51,095 [Worker-11: Launching spring_boot_backend_template] INFO  o.eclipse.m2e.core.internal.Bundles - getClasspathEntries(Bundle=org.eclipse.m2e.maven.runtime_3.9.900.20250220-2013 [361])
2025-08-05 09:04:51,097 [Worker-11: Launching spring_boot_backend_template] INFO  o.eclipse.m2e.core.internal.Bundles - 	Entry: C:\Users\admin\Desktop\sts-4.30.0.RELEASE\plugins\org.eclipse.m2e.maven.runtime_3.9.900.20250220-2013
2025-08-05 09:04:51,098 [Worker-11: Launching spring_boot_backend_template] INFO  o.eclipse.m2e.core.internal.Bundles - 	Entry: C:\Users\admin\Desktop\sts-4.30.0.RELEASE\plugins\org.eclipse.m2e.maven.runtime_3.9.900.20250220-2013\jars\aopalliance-1.0.jar
2025-08-05 09:04:51,099 [Worker-11: Launching spring_boot_backend_template] INFO  o.eclipse.m2e.core.internal.Bundles - 	Entry: C:\Users\admin\Desktop\sts-4.30.0.RELEASE\plugins\org.eclipse.m2e.maven.runtime_3.9.900.20250220-2013\jars\guice-5.1.0.jar
2025-08-05 09:04:51,099 [Worker-11: Launching spring_boot_backend_template] INFO  o.eclipse.m2e.core.internal.Bundles - 	Entry: C:\Users\admin\Desktop\sts-4.30.0.RELEASE\plugins\org.eclipse.m2e.maven.runtime_3.9.900.20250220-2013\jars\httpclient-4.5.14.jar
2025-08-05 09:04:51,099 [Worker-11: Launching spring_boot_backend_template] INFO  o.eclipse.m2e.core.internal.Bundles - 	Entry: C:\Users\admin\Desktop\sts-4.30.0.RELEASE\plugins\org.eclipse.m2e.maven.runtime_3.9.900.20250220-2013\jars\httpcore-4.4.16.jar
2025-08-05 09:04:51,100 [Worker-11: Launching spring_boot_backend_template] INFO  o.eclipse.m2e.core.internal.Bundles - 	Entry: C:\Users\admin\Desktop\sts-4.30.0.RELEASE\plugins\org.eclipse.m2e.maven.runtime_3.9.900.20250220-2013\jars\jansi-2.4.1.jar
2025-08-05 09:04:51,100 [Worker-11: Launching spring_boot_backend_template] INFO  o.eclipse.m2e.core.internal.Bundles - 	Entry: C:\Users\admin\Desktop\sts-4.30.0.RELEASE\plugins\org.eclipse.m2e.maven.runtime_3.9.900.20250220-2013\jars\jcl-over-slf4j-1.7.36.jar
2025-08-05 09:04:51,100 [Worker-11: Launching spring_boot_backend_template] INFO  o.eclipse.m2e.core.internal.Bundles - 	Entry: C:\Users\admin\Desktop\sts-4.30.0.RELEASE\plugins\org.eclipse.m2e.maven.runtime_3.9.900.20250220-2013\jars\maven-artifact-3.9.9.jar
2025-08-05 09:04:51,100 [Worker-11: Launching spring_boot_backend_template] INFO  o.eclipse.m2e.core.internal.Bundles - 	Entry: C:\Users\admin\Desktop\sts-4.30.0.RELEASE\plugins\org.eclipse.m2e.maven.runtime_3.9.900.20250220-2013\jars\maven-builder-support-3.9.9.jar
2025-08-05 09:04:51,100 [Worker-11: Launching spring_boot_backend_template] INFO  o.eclipse.m2e.core.internal.Bundles - 	Entry: C:\Users\admin\Desktop\sts-4.30.0.RELEASE\plugins\org.eclipse.m2e.maven.runtime_3.9.900.20250220-2013\jars\maven-compat-3.9.9.jar
2025-08-05 09:04:51,100 [Worker-11: Launching spring_boot_backend_template] INFO  o.eclipse.m2e.core.internal.Bundles - 	Entry: C:\Users\admin\Desktop\sts-4.30.0.RELEASE\plugins\org.eclipse.m2e.maven.runtime_3.9.900.20250220-2013\jars\maven-core-3.9.9.jar
2025-08-05 09:04:51,100 [Worker-11: Launching spring_boot_backend_template] INFO  o.eclipse.m2e.core.internal.Bundles - 	Entry: C:\Users\admin\Desktop\sts-4.30.0.RELEASE\plugins\org.eclipse.m2e.maven.runtime_3.9.900.20250220-2013\jars\maven-embedder-3.9.9.jar
2025-08-05 09:04:51,101 [Worker-11: Launching spring_boot_backend_template] INFO  o.eclipse.m2e.core.internal.Bundles - 	Entry: C:\Users\admin\Desktop\sts-4.30.0.RELEASE\plugins\org.eclipse.m2e.maven.runtime_3.9.900.20250220-2013\jars\maven-model-3.9.9.jar
2025-08-05 09:04:51,101 [Worker-11: Launching spring_boot_backend_template] INFO  o.eclipse.m2e.core.internal.Bundles - 	Entry: C:\Users\admin\Desktop\sts-4.30.0.RELEASE\plugins\org.eclipse.m2e.maven.runtime_3.9.900.20250220-2013\jars\maven-model-builder-3.9.9.jar
2025-08-05 09:04:51,101 [Worker-11: Launching spring_boot_backend_template] INFO  o.eclipse.m2e.core.internal.Bundles - 	Entry: C:\Users\admin\Desktop\sts-4.30.0.RELEASE\plugins\org.eclipse.m2e.maven.runtime_3.9.900.20250220-2013\jars\maven-plugin-api-3.9.9.jar
2025-08-05 09:04:51,101 [Worker-11: Launching spring_boot_backend_template] INFO  o.eclipse.m2e.core.internal.Bundles - 	Entry: C:\Users\admin\Desktop\sts-4.30.0.RELEASE\plugins\org.eclipse.m2e.maven.runtime_3.9.900.20250220-2013\jars\maven-repository-metadata-3.9.9.jar
2025-08-05 09:04:51,101 [Worker-11: Launching spring_boot_backend_template] INFO  o.eclipse.m2e.core.internal.Bundles - 	Entry: C:\Users\admin\Desktop\sts-4.30.0.RELEASE\plugins\org.eclipse.m2e.maven.runtime_3.9.900.20250220-2013\jars\maven-resolver-api-1.9.22.jar
2025-08-05 09:04:51,101 [Worker-11: Launching spring_boot_backend_template] INFO  o.eclipse.m2e.core.internal.Bundles - 	Entry: C:\Users\admin\Desktop\sts-4.30.0.RELEASE\plugins\org.eclipse.m2e.maven.runtime_3.9.900.20250220-2013\jars\maven-resolver-connector-basic-1.9.22.jar
2025-08-05 09:04:51,102 [Worker-11: Launching spring_boot_backend_template] INFO  o.eclipse.m2e.core.internal.Bundles - 	Entry: C:\Users\admin\Desktop\sts-4.30.0.RELEASE\plugins\org.eclipse.m2e.maven.runtime_3.9.900.20250220-2013\jars\maven-resolver-impl-1.9.22.jar
2025-08-05 09:04:51,102 [Worker-11: Launching spring_boot_backend_template] INFO  o.eclipse.m2e.core.internal.Bundles - 	Entry: C:\Users\admin\Desktop\sts-4.30.0.RELEASE\plugins\org.eclipse.m2e.maven.runtime_3.9.900.20250220-2013\jars\maven-resolver-named-locks-1.9.22.jar
2025-08-05 09:04:51,102 [Worker-11: Launching spring_boot_backend_template] INFO  o.eclipse.m2e.core.internal.Bundles - 	Entry: C:\Users\admin\Desktop\sts-4.30.0.RELEASE\plugins\org.eclipse.m2e.maven.runtime_3.9.900.20250220-2013\jars\maven-resolver-provider-3.9.9.jar
2025-08-05 09:04:51,102 [Worker-11: Launching spring_boot_backend_template] INFO  o.eclipse.m2e.core.internal.Bundles - 	Entry: C:\Users\admin\Desktop\sts-4.30.0.RELEASE\plugins\org.eclipse.m2e.maven.runtime_3.9.900.20250220-2013\jars\maven-resolver-spi-1.9.22.jar
2025-08-05 09:04:51,102 [Worker-11: Launching spring_boot_backend_template] INFO  o.eclipse.m2e.core.internal.Bundles - 	Entry: C:\Users\admin\Desktop\sts-4.30.0.RELEASE\plugins\org.eclipse.m2e.maven.runtime_3.9.900.20250220-2013\jars\maven-resolver-transport-file-1.9.22.jar
2025-08-05 09:04:51,102 [Worker-11: Launching spring_boot_backend_template] INFO  o.eclipse.m2e.core.internal.Bundles - 	Entry: C:\Users\admin\Desktop\sts-4.30.0.RELEASE\plugins\org.eclipse.m2e.maven.runtime_3.9.900.20250220-2013\jars\maven-resolver-transport-http-1.9.22.jar
2025-08-05 09:04:51,102 [Worker-11: Launching spring_boot_backend_template] INFO  o.eclipse.m2e.core.internal.Bundles - 	Entry: C:\Users\admin\Desktop\sts-4.30.0.RELEASE\plugins\org.eclipse.m2e.maven.runtime_3.9.900.20250220-2013\jars\maven-resolver-transport-wagon-1.9.22.jar
2025-08-05 09:04:51,103 [Worker-11: Launching spring_boot_backend_template] INFO  o.eclipse.m2e.core.internal.Bundles - 	Entry: C:\Users\admin\Desktop\sts-4.30.0.RELEASE\plugins\org.eclipse.m2e.maven.runtime_3.9.900.20250220-2013\jars\maven-resolver-util-1.9.22.jar
2025-08-05 09:04:51,103 [Worker-11: Launching spring_boot_backend_template] INFO  o.eclipse.m2e.core.internal.Bundles - 	Entry: C:\Users\admin\Desktop\sts-4.30.0.RELEASE\plugins\org.eclipse.m2e.maven.runtime_3.9.900.20250220-2013\jars\maven-settings-3.9.9.jar
2025-08-05 09:04:51,103 [Worker-11: Launching spring_boot_backend_template] INFO  o.eclipse.m2e.core.internal.Bundles - 	Entry: C:\Users\admin\Desktop\sts-4.30.0.RELEASE\plugins\org.eclipse.m2e.maven.runtime_3.9.900.20250220-2013\jars\maven-settings-builder-3.9.9.jar
2025-08-05 09:04:51,103 [Worker-11: Launching spring_boot_backend_template] INFO  o.eclipse.m2e.core.internal.Bundles - 	Entry: C:\Users\admin\Desktop\sts-4.30.0.RELEASE\plugins\org.eclipse.m2e.maven.runtime_3.9.900.20250220-2013\jars\maven-shared-utils-3.4.2.jar
2025-08-05 09:04:51,103 [Worker-11: Launching spring_boot_backend_template] INFO  o.eclipse.m2e.core.internal.Bundles - 	Entry: C:\Users\admin\Desktop\sts-4.30.0.RELEASE\plugins\org.eclipse.m2e.maven.runtime_3.9.900.20250220-2013\jars\org.eclipse.sisu.inject-0.9.0.M3.jar
2025-08-05 09:04:51,103 [Worker-11: Launching spring_boot_backend_template] INFO  o.eclipse.m2e.core.internal.Bundles - 	Entry: C:\Users\admin\Desktop\sts-4.30.0.RELEASE\plugins\org.eclipse.m2e.maven.runtime_3.9.900.20250220-2013\jars\org.eclipse.sisu.plexus-0.9.0.M3.jar
2025-08-05 09:04:51,103 [Worker-11: Launching spring_boot_backend_template] INFO  o.eclipse.m2e.core.internal.Bundles - 	Entry: C:\Users\admin\Desktop\sts-4.30.0.RELEASE\plugins\org.eclipse.m2e.maven.runtime_3.9.900.20250220-2013\jars\plexus-build-api-0.0.7.jar
2025-08-05 09:04:51,104 [Worker-11: Launching spring_boot_backend_template] INFO  o.eclipse.m2e.core.internal.Bundles - 	Entry: C:\Users\admin\Desktop\sts-4.30.0.RELEASE\plugins\org.eclipse.m2e.maven.runtime_3.9.900.20250220-2013\jars\plexus-build-api-1.2.0.jar
2025-08-05 09:04:51,104 [Worker-11: Launching spring_boot_backend_template] INFO  o.eclipse.m2e.core.internal.Bundles - 	Entry: C:\Users\admin\Desktop\sts-4.30.0.RELEASE\plugins\org.eclipse.m2e.maven.runtime_3.9.900.20250220-2013\jars\plexus-cipher-2.0.jar
2025-08-05 09:04:51,104 [Worker-11: Launching spring_boot_backend_template] INFO  o.eclipse.m2e.core.internal.Bundles - 	Entry: C:\Users\admin\Desktop\sts-4.30.0.RELEASE\plugins\org.eclipse.m2e.maven.runtime_3.9.900.20250220-2013\jars\plexus-classworlds-2.8.0.jar
2025-08-05 09:04:51,104 [Worker-11: Launching spring_boot_backend_template] INFO  o.eclipse.m2e.core.internal.Bundles - 	Entry: C:\Users\admin\Desktop\sts-4.30.0.RELEASE\plugins\org.eclipse.m2e.maven.runtime_3.9.900.20250220-2013\jars\plexus-component-annotations-2.1.0.jar
2025-08-05 09:04:51,104 [Worker-11: Launching spring_boot_backend_template] INFO  o.eclipse.m2e.core.internal.Bundles - 	Entry: C:\Users\admin\Desktop\sts-4.30.0.RELEASE\plugins\org.eclipse.m2e.maven.runtime_3.9.900.20250220-2013\jars\plexus-interpolation-1.27.jar
2025-08-05 09:04:51,104 [Worker-11: Launching spring_boot_backend_template] INFO  o.eclipse.m2e.core.internal.Bundles - 	Entry: C:\Users\admin\Desktop\sts-4.30.0.RELEASE\plugins\org.eclipse.m2e.maven.runtime_3.9.900.20250220-2013\jars\plexus-sec-dispatcher-2.0.jar
2025-08-05 09:04:51,104 [Worker-11: Launching spring_boot_backend_template] INFO  o.eclipse.m2e.core.internal.Bundles - 	Entry: C:\Users\admin\Desktop\sts-4.30.0.RELEASE\plugins\org.eclipse.m2e.maven.runtime_3.9.900.20250220-2013\jars\plexus-utils-3.5.1.jar
2025-08-05 09:04:51,104 [Worker-11: Launching spring_boot_backend_template] INFO  o.eclipse.m2e.core.internal.Bundles - 	Entry: C:\Users\admin\Desktop\sts-4.30.0.RELEASE\plugins\org.eclipse.m2e.maven.runtime_3.9.900.20250220-2013\jars\plexus-xml-3.0.1.jar
2025-08-05 09:04:51,104 [Worker-11: Launching spring_boot_backend_template] INFO  o.eclipse.m2e.core.internal.Bundles - 	Entry: C:\Users\admin\Desktop\sts-4.30.0.RELEASE\plugins\org.eclipse.m2e.maven.runtime_3.9.900.20250220-2013\jars\wagon-file-3.5.3.jar
2025-08-05 09:04:51,105 [Worker-11: Launching spring_boot_backend_template] INFO  o.eclipse.m2e.core.internal.Bundles - 	Entry: C:\Users\admin\Desktop\sts-4.30.0.RELEASE\plugins\org.eclipse.m2e.maven.runtime_3.9.900.20250220-2013\jars\wagon-http-3.5.3.jar
2025-08-05 09:04:51,105 [Worker-11: Launching spring_boot_backend_template] INFO  o.eclipse.m2e.core.internal.Bundles - 	Entry: C:\Users\admin\Desktop\sts-4.30.0.RELEASE\plugins\org.eclipse.m2e.maven.runtime_3.9.900.20250220-2013\jars\wagon-http-shared-3.5.3.jar
2025-08-05 09:04:51,105 [Worker-11: Launching spring_boot_backend_template] INFO  o.eclipse.m2e.core.internal.Bundles - 	Entry: C:\Users\admin\Desktop\sts-4.30.0.RELEASE\plugins\org.eclipse.m2e.maven.runtime_3.9.900.20250220-2013\jars\wagon-provider-api-3.5.3.jar
2025-08-05 09:04:51,107 [Worker-11: Launching spring_boot_backend_template] INFO  o.eclipse.m2e.core.internal.Bundles - getClasspathEntries(Bundle=com.google.guava_33.4.0.jre [29])
2025-08-05 09:04:51,109 [Worker-11: Launching spring_boot_backend_template] INFO  o.eclipse.m2e.core.internal.Bundles - 	Entry: C:\Users\admin\Desktop\sts-4.30.0.RELEASE\plugins\com.google.guava_33.4.0.jre.jar
2025-08-05 09:04:51,109 [Worker-11: Launching spring_boot_backend_template] INFO  o.eclipse.m2e.core.internal.Bundles - getClasspathEntries(Bundle=slf4j.api_2.0.17 [608])
2025-08-05 09:04:51,109 [Worker-11: Launching spring_boot_backend_template] INFO  o.eclipse.m2e.core.internal.Bundles - 	Entry: C:\Users\admin\Desktop\sts-4.30.0.RELEASE\plugins\slf4j.api_2.0.17.jar
2025-08-05 09:04:51,109 [Worker-11: Launching spring_boot_backend_template] INFO  o.eclipse.m2e.core.internal.Bundles - getClasspathEntries(Bundle=javax.inject_1.0.0.v20220405-0441 [759])
2025-08-05 09:04:51,109 [Worker-11: Launching spring_boot_backend_template] INFO  o.eclipse.m2e.core.internal.Bundles - 	Entry: C:\Users\admin\Desktop\sts-4.30.0.RELEASE\plugins\javax.inject_1.0.0.v20220405-0441.jar
2025-08-05 09:04:51,109 [Worker-11: Launching spring_boot_backend_template] INFO  o.eclipse.m2e.core.internal.Bundles - getClasspathEntries(Bundle=javax.annotation_1.3.5.v20230504-0748 [758])
2025-08-05 09:04:51,110 [Worker-11: Launching spring_boot_backend_template] INFO  o.eclipse.m2e.core.internal.Bundles - 	Entry: C:\Users\admin\Desktop\sts-4.30.0.RELEASE\plugins\javax.annotation_1.3.5.v20230504-0748.jar
2025-08-05 09:04:51,110 [Worker-11: Launching spring_boot_backend_template] INFO  o.eclipse.m2e.core.internal.Bundles - getClasspathEntries(Bundle=org.apache.commons.cli_1.9.0 [77])
2025-08-05 09:04:51,110 [Worker-11: Launching spring_boot_backend_template] INFO  o.eclipse.m2e.core.internal.Bundles - 	Entry: C:\Users\admin\Desktop\sts-4.30.0.RELEASE\plugins\org.apache.commons.cli_1.9.0.jar
2025-08-05 09:04:51,110 [Worker-11: Launching spring_boot_backend_template] INFO  o.eclipse.m2e.core.internal.Bundles - getClasspathEntries(Bundle=org.apache.commons.commons-codec_1.16.0 [79])
2025-08-05 09:04:51,111 [Worker-11: Launching spring_boot_backend_template] INFO  o.eclipse.m2e.core.internal.Bundles - 	Entry: C:\Users\admin\Desktop\sts-4.30.0.RELEASE\plugins\org.apache.commons.commons-codec_1.16.0.jar
2025-08-05 09:04:51,111 [Worker-11: Launching spring_boot_backend_template] INFO  o.eclipse.m2e.core.internal.Bundles - getClasspathEntries(Bundle=com.google.guava.failureaccess_1.0.2 [30])
2025-08-05 09:04:51,111 [Worker-11: Launching spring_boot_backend_template] INFO  o.eclipse.m2e.core.internal.Bundles - 	Entry: C:\Users\admin\Desktop\sts-4.30.0.RELEASE\plugins\com.google.guava.failureaccess_1.0.2.jar
2025-08-05 09:04:51,115 [Worker-11: Launching spring_boot_backend_template] INFO  o.e.m.i.launch.MavenLaunchDelegate - Run build in "C:\Users\admin\Desktop\Backend\spring_boot_backend_template":
2025-08-05 09:04:51,118 [Worker-11: Launching spring_boot_backend_template] INFO  o.e.m.i.launch.MavenLaunchDelegate -  mvn  -B -Dstyle.color=always clean compile
